2015.04.15 14:02 B C:\Users\gbmoore\Google Drive\EnloeSite\parents.html --> schools.wcpss.net /htdocs parents.html
2015.04.15 14:02 B C:\Users\gbmoore\Google Drive\EnloeSite\clubs.html --> schools.wcpss.net /htdocs clubs.html
2015.04.15 14:03 B C:\Users\gbmoore\Google Drive\EnloeSite\clubs.html --> schools.wcpss.net /htdocs clubs.html
2015.04.20 15:16 B C:\Users\gbmoore\Google Drive\EnloeSite\academics.html --> enloehs.wcpss.net /htdocs academics.html
2015.04.20 15:18 B C:\Users\gbmoore\Google Drive\EnloeSite\academics.html --> enloehs.wcpss.net /htdocs academics.html
2015.04.20 15:19 B C:\Users\gbmoore\Google Drive\EnloeSite\academics.html --> enloehs.wcpss.net /htdocs academics.html
2015.04.27 08:57 B C:\Users\gbmoore\Google Drive\EnloeSite\senior_booklet2014_15.pdf --> enloehs.wcpss.net /htdocs senior_booklet2014_15.pdf
2015.04.27 08:58 B C:\Users\gbmoore\Google Drive\EnloeSite\index.html --> enloehs.wcpss.net /htdocs index.html
2015.04.28 09:40 B C:\Users\gbmoore\Google Drive\EnloeSite\faculty.html --> enloehs.wcpss.net /htdocs faculty.html
2015.04.29 10:35 B C:\Users\gbmoore\Google Drive\EnloeSite\parents.html --> enloehs.wcpss.net /htdocs parents.html
2015.04.29 10:39 B C:\Users\gbmoore\Google Drive\EnloeSite\parents.html --> enloehs.wcpss.net /htdocs parents.html
2015.05.06 11:16 B C:\Users\gbmoore\Google Drive\EnloeSite\faculty.html --> enloehs.wcpss.net /htdocs faculty.html
2015.05.07 14:22 B C:\Users\gbmoore\Google Drive\EnloeSite\index.html --> enloehs.wcpss.net /htdocs index.html
2015.05.07 14:26 B C:\Users\gbmoore\Google Drive\EnloeSite\index.html --> enloehs.wcpss.net /htdocs index.html
2015.05.07 14:28 B C:\Users\gbmoore\Google Drive\EnloeSite\index.html --> enloehs.wcpss.net /htdocs index.html
2015.05.07 14:31 B C:\Users\gbmoore\Google Drive\EnloeSite\index.html --> enloehs.wcpss.net /htdocs index.html
2015.05.07 14:33 B C:\Users\gbmoore\Google Drive\EnloeSite\index.html --> enloehs.wcpss.net /htdocs index.html
2015.05.14 15:47 B C:\Users\gbmoore\Google Drive\EnloeSite\index.html <-- Enloehs /htdocs index.html
2015.05.14 15:56 B C:\Users\gbmoore\Google Drive\EnloeSite\index.html --> enloehs.wcpss.net /htdocs index.html
2015.05.14 16:05 B C:\Users\gbmoore\Google Drive\EnloeSite\academics.html --> enloehs.wcpss.net /htdocs academics.html
2015.05.14 16:26 B C:\Users\gbmoore\Google Drive\EnloeSite\index.html --> enloehs.wcpss.net /htdocs index.html
2015.05.14 16:26 B C:\Users\gbmoore\Google Drive\EnloeSite\lifetouch.html --> enloehs.wcpss.net /htdocs lifetouch.html
2015.05.14 16:29 B C:\Users\gbmoore\Google Drive\EnloeSite\index.html --> enloehs.wcpss.net /htdocs index.html
2015.05.22 08:15 B C:\Users\gbmoore\Google Drive\EnloeSite\index.html --> enloehs.wcpss.net /htdocs index.html
2015.05.26 11:11 B C:\Users\gbmoore\Google Drive\EnloeSite\index.html --> enloehs.wcpss.net /htdocs index.html
2015.05.27 15:41 B C:\Users\gbmoore\Google Drive\EnloeSite\index.html --> enloehs.wcpss.net /htdocs index.html
2015.05.27 15:42 B C:\Users\gbmoore\Google Drive\EnloeSite\index.html --> enloehs.wcpss.net /htdocs index.html
2015.05.27 15:44 B C:\Users\gbmoore\Google Drive\EnloeSite\index.html --> enloehs.wcpss.net /htdocs index.html
2015.06.02 11:18 B C:\Users\gbmoore\Google Drive\EnloeSite\grad_video.html --> enloehs.wcpss.net /htdocs grad_video.html
2015.06.02 11:22 B C:\Users\gbmoore\Google Drive\EnloeSite\grad_video.html --> enloehs.wcpss.net /htdocs grad_video.html
2015.06.04 10:24 B C:\Users\gbmoore\Google Drive\EnloeSite\grad_video_lg.html --> enloehs.wcpss.net /htdocs grad_video_lg.html
2015.06.04 10:24 B C:\Users\gbmoore\Google Drive\EnloeSite\grad_video_sm.html --> enloehs.wcpss.net /htdocs grad_video_sm.html
2015.06.04 10:33 B C:\Users\gbmoore\Google Drive\EnloeSite\grad_livestr.html <-- Enloehs /htdocs grad_livestr.html
2015.06.04 10:39 B C:\Users\gbmoore\Google Drive\EnloeSite\index.html --> enloehs.wcpss.net /htdocs index.html
2015.06.04 10:49 B C:\Users\gbmoore\Google Drive\EnloeSite\principalmessages.html --> enloehs.wcpss.net /htdocs principalmessages.html
2015.06.04 10:49 B C:\Users\gbmoore\Google Drive\EnloeSite\index.html --> enloehs.wcpss.net /htdocs index.html
2015.06.04 10:56 B C:\Users\gbmoore\Google Drive\EnloeSite\index.html --> enloehs.wcpss.net /htdocs index.html
2015.06.04 11:11 B C:\Users\gbmoore\Google Drive\EnloeSite\index.html --> enloehs.wcpss.net /htdocs index.html
