2015.04.09 15:35 B C:\htdoc\programs\ptsa\Bell Schedule\Bell Schedule.html <-- Enloehs /htdocs/programs/ptsa/Bell Schedule Bell Schedule.html
2015.04.09 15:35 B C:\htdoc\programs\ptsa\Bell Schedule\img0.jpg <-- Enloehs /htdocs/programs/ptsa/Bell Schedule img0.jpg
2015.04.09 15:35 B C:\htdoc\programs\ptsa\Bell Schedule\img1.html <-- Enloehs /htdocs/programs/ptsa/Bell Schedule img1.html
2015.04.09 15:35 B C:\htdoc\programs\ptsa\Bell Schedule\img1.jpg <-- Enloehs /htdocs/programs/ptsa/Bell Schedule img1.jpg
2015.04.09 15:35 B C:\htdoc\programs\ptsa\Bell Schedule\img10.html <-- Enloehs /htdocs/programs/ptsa/Bell Schedule img10.html
2015.04.09 15:35 B C:\htdoc\programs\ptsa\Bell Schedule\img10.jpg <-- Enloehs /htdocs/programs/ptsa/Bell Schedule img10.jpg
2015.04.09 15:35 B C:\htdoc\programs\ptsa\Bell Schedule\img11.html <-- Enloehs /htdocs/programs/ptsa/Bell Schedule img11.html
2015.04.09 15:35 B C:\htdoc\programs\ptsa\Bell Schedule\img11.jpg <-- Enloehs /htdocs/programs/ptsa/Bell Schedule img11.jpg
2015.04.09 15:35 B C:\htdoc\programs\ptsa\Bell Schedule\img12.html <-- Enloehs /htdocs/programs/ptsa/Bell Schedule img12.html
2015.04.09 15:35 B C:\htdoc\programs\ptsa\Bell Schedule\img12.jpg <-- Enloehs /htdocs/programs/ptsa/Bell Schedule img12.jpg
2015.04.09 15:35 B C:\htdoc\programs\ptsa\Bell Schedule\img2.html <-- Enloehs /htdocs/programs/ptsa/Bell Schedule img2.html
2015.04.09 15:35 B C:\htdoc\programs\ptsa\Bell Schedule\img2.jpg <-- Enloehs /htdocs/programs/ptsa/Bell Schedule img2.jpg
2015.04.09 15:35 B C:\htdoc\programs\ptsa\Bell Schedule\img3.html <-- Enloehs /htdocs/programs/ptsa/Bell Schedule img3.html
2015.04.09 15:35 B C:\htdoc\programs\ptsa\Bell Schedule\img3.jpg <-- Enloehs /htdocs/programs/ptsa/Bell Schedule img3.jpg
2015.04.09 15:35 B C:\htdoc\programs\ptsa\Bell Schedule\img4.html <-- Enloehs /htdocs/programs/ptsa/Bell Schedule img4.html
2015.04.09 15:35 B C:\htdoc\programs\ptsa\Bell Schedule\img4.jpg <-- Enloehs /htdocs/programs/ptsa/Bell Schedule img4.jpg
2015.04.09 15:35 B C:\htdoc\programs\ptsa\Bell Schedule\img5.html <-- Enloehs /htdocs/programs/ptsa/Bell Schedule img5.html
2015.04.09 15:35 B C:\htdoc\programs\ptsa\Bell Schedule\img5.jpg <-- Enloehs /htdocs/programs/ptsa/Bell Schedule img5.jpg
2015.04.09 15:35 B C:\htdoc\programs\ptsa\Bell Schedule\img6.html <-- Enloehs /htdocs/programs/ptsa/Bell Schedule img6.html
2015.04.09 15:35 B C:\htdoc\programs\ptsa\Bell Schedule\img6.jpg <-- Enloehs /htdocs/programs/ptsa/Bell Schedule img6.jpg
2015.04.09 15:35 B C:\htdoc\programs\ptsa\Bell Schedule\img7.html <-- Enloehs /htdocs/programs/ptsa/Bell Schedule img7.html
2015.04.09 15:35 B C:\htdoc\programs\ptsa\Bell Schedule\img7.jpg <-- Enloehs /htdocs/programs/ptsa/Bell Schedule img7.jpg
2015.04.09 15:35 B C:\htdoc\programs\ptsa\Bell Schedule\img8.html <-- Enloehs /htdocs/programs/ptsa/Bell Schedule img8.html
2015.04.09 15:35 B C:\htdoc\programs\ptsa\Bell Schedule\img8.jpg <-- Enloehs /htdocs/programs/ptsa/Bell Schedule img8.jpg
2015.04.09 15:35 B C:\htdoc\programs\ptsa\Bell Schedule\img9.html <-- Enloehs /htdocs/programs/ptsa/Bell Schedule img9.html
2015.04.09 15:35 B C:\htdoc\programs\ptsa\Bell Schedule\img9.jpg <-- Enloehs /htdocs/programs/ptsa/Bell Schedule img9.jpg
2015.04.09 15:35 B C:\htdoc\programs\ptsa\Bell Schedule\text0.html <-- Enloehs /htdocs/programs/ptsa/Bell Schedule text0.html
2015.04.09 15:35 B C:\htdoc\programs\ptsa\Bell Schedule\text1.html <-- Enloehs /htdocs/programs/ptsa/Bell Schedule text1.html
2015.04.09 15:35 B C:\htdoc\programs\ptsa\Bell Schedule\text10.html <-- Enloehs /htdocs/programs/ptsa/Bell Schedule text10.html
2015.04.09 15:35 B C:\htdoc\programs\ptsa\Bell Schedule\text11.html <-- Enloehs /htdocs/programs/ptsa/Bell Schedule text11.html
2015.04.09 15:35 B C:\htdoc\programs\ptsa\Bell Schedule\text12.html <-- Enloehs /htdocs/programs/ptsa/Bell Schedule text12.html
2015.04.09 15:35 B C:\htdoc\programs\ptsa\Bell Schedule\text2.html <-- Enloehs /htdocs/programs/ptsa/Bell Schedule text2.html
2015.04.09 15:35 B C:\htdoc\programs\ptsa\Bell Schedule\text3.html <-- Enloehs /htdocs/programs/ptsa/Bell Schedule text3.html
2015.04.09 15:35 B C:\htdoc\programs\ptsa\Bell Schedule\text4.html <-- Enloehs /htdocs/programs/ptsa/Bell Schedule text4.html
2015.04.09 15:35 B C:\htdoc\programs\ptsa\Bell Schedule\text5.html <-- Enloehs /htdocs/programs/ptsa/Bell Schedule text5.html
2015.04.09 15:35 B C:\htdoc\programs\ptsa\Bell Schedule\text6.html <-- Enloehs /htdocs/programs/ptsa/Bell Schedule text6.html
2015.04.09 15:35 B C:\htdoc\programs\ptsa\Bell Schedule\text7.html <-- Enloehs /htdocs/programs/ptsa/Bell Schedule text7.html
2015.04.09 15:35 B C:\htdoc\programs\ptsa\Bell Schedule\text8.html <-- Enloehs /htdocs/programs/ptsa/Bell Schedule text8.html
2015.04.09 15:35 B C:\htdoc\programs\ptsa\Bell Schedule\text9.html <-- Enloehs /htdocs/programs/ptsa/Bell Schedule text9.html
2015.04.28 14:08 B H:\Desktop\parents\ptsa\Bell Schedule\Bell Schedule.html --> enloehs.wcpss.net /htdocs/parents/ptsa/Bell Schedule Bell Schedule.html
2015.04.28 14:08 B H:\Desktop\parents\ptsa\Bell Schedule\img0.jpg --> enloehs.wcpss.net /htdocs/parents/ptsa/Bell Schedule img0.jpg
2015.04.28 14:08 B H:\Desktop\parents\ptsa\Bell Schedule\img1.html --> enloehs.wcpss.net /htdocs/parents/ptsa/Bell Schedule img1.html
2015.04.28 14:08 B H:\Desktop\parents\ptsa\Bell Schedule\img1.jpg --> enloehs.wcpss.net /htdocs/parents/ptsa/Bell Schedule img1.jpg
2015.04.28 14:08 B H:\Desktop\parents\ptsa\Bell Schedule\img10.html --> enloehs.wcpss.net /htdocs/parents/ptsa/Bell Schedule img10.html
2015.04.28 14:08 B H:\Desktop\parents\ptsa\Bell Schedule\img10.jpg --> enloehs.wcpss.net /htdocs/parents/ptsa/Bell Schedule img10.jpg
2015.04.28 14:08 B H:\Desktop\parents\ptsa\Bell Schedule\img11.html --> enloehs.wcpss.net /htdocs/parents/ptsa/Bell Schedule img11.html
2015.04.28 14:08 B H:\Desktop\parents\ptsa\Bell Schedule\img11.jpg --> enloehs.wcpss.net /htdocs/parents/ptsa/Bell Schedule img11.jpg
2015.04.28 14:08 B H:\Desktop\parents\ptsa\Bell Schedule\img12.html --> enloehs.wcpss.net /htdocs/parents/ptsa/Bell Schedule img12.html
2015.04.28 14:08 B H:\Desktop\parents\ptsa\Bell Schedule\img12.jpg --> enloehs.wcpss.net /htdocs/parents/ptsa/Bell Schedule img12.jpg
2015.04.28 14:08 B H:\Desktop\parents\ptsa\Bell Schedule\img2.html --> enloehs.wcpss.net /htdocs/parents/ptsa/Bell Schedule img2.html
2015.04.28 14:08 B H:\Desktop\parents\ptsa\Bell Schedule\img2.jpg --> enloehs.wcpss.net /htdocs/parents/ptsa/Bell Schedule img2.jpg
2015.04.28 14:08 B H:\Desktop\parents\ptsa\Bell Schedule\img3.html --> enloehs.wcpss.net /htdocs/parents/ptsa/Bell Schedule img3.html
2015.04.28 14:08 B H:\Desktop\parents\ptsa\Bell Schedule\img3.jpg --> enloehs.wcpss.net /htdocs/parents/ptsa/Bell Schedule img3.jpg
2015.04.28 14:08 B H:\Desktop\parents\ptsa\Bell Schedule\img4.html --> enloehs.wcpss.net /htdocs/parents/ptsa/Bell Schedule img4.html
2015.04.28 14:08 B H:\Desktop\parents\ptsa\Bell Schedule\img4.jpg --> enloehs.wcpss.net /htdocs/parents/ptsa/Bell Schedule img4.jpg
2015.04.28 14:08 B H:\Desktop\parents\ptsa\Bell Schedule\img5.html --> enloehs.wcpss.net /htdocs/parents/ptsa/Bell Schedule img5.html
2015.04.28 14:08 B H:\Desktop\parents\ptsa\Bell Schedule\img5.jpg --> enloehs.wcpss.net /htdocs/parents/ptsa/Bell Schedule img5.jpg
2015.04.28 14:08 B H:\Desktop\parents\ptsa\Bell Schedule\img6.html --> enloehs.wcpss.net /htdocs/parents/ptsa/Bell Schedule img6.html
2015.04.28 14:08 B H:\Desktop\parents\ptsa\Bell Schedule\img6.jpg --> enloehs.wcpss.net /htdocs/parents/ptsa/Bell Schedule img6.jpg
2015.04.28 14:08 B H:\Desktop\parents\ptsa\Bell Schedule\img7.html --> enloehs.wcpss.net /htdocs/parents/ptsa/Bell Schedule img7.html
2015.04.28 14:08 B H:\Desktop\parents\ptsa\Bell Schedule\img7.jpg --> enloehs.wcpss.net /htdocs/parents/ptsa/Bell Schedule img7.jpg
2015.04.28 14:08 B H:\Desktop\parents\ptsa\Bell Schedule\img8.html --> enloehs.wcpss.net /htdocs/parents/ptsa/Bell Schedule img8.html
2015.04.28 14:08 B H:\Desktop\parents\ptsa\Bell Schedule\img8.jpg --> enloehs.wcpss.net /htdocs/parents/ptsa/Bell Schedule img8.jpg
2015.04.28 14:08 B H:\Desktop\parents\ptsa\Bell Schedule\img9.html --> enloehs.wcpss.net /htdocs/parents/ptsa/Bell Schedule img9.html
2015.04.28 14:08 B H:\Desktop\parents\ptsa\Bell Schedule\img9.jpg --> enloehs.wcpss.net /htdocs/parents/ptsa/Bell Schedule img9.jpg
2015.04.28 14:08 B H:\Desktop\parents\ptsa\Bell Schedule\text0.html --> enloehs.wcpss.net /htdocs/parents/ptsa/Bell Schedule text0.html
2015.04.28 14:08 B H:\Desktop\parents\ptsa\Bell Schedule\text1.html --> enloehs.wcpss.net /htdocs/parents/ptsa/Bell Schedule text1.html
2015.04.28 14:08 B H:\Desktop\parents\ptsa\Bell Schedule\text10.html --> enloehs.wcpss.net /htdocs/parents/ptsa/Bell Schedule text10.html
2015.04.28 14:08 B H:\Desktop\parents\ptsa\Bell Schedule\text11.html --> enloehs.wcpss.net /htdocs/parents/ptsa/Bell Schedule text11.html
2015.04.28 14:08 B H:\Desktop\parents\ptsa\Bell Schedule\text12.html --> enloehs.wcpss.net /htdocs/parents/ptsa/Bell Schedule text12.html
2015.04.28 14:08 B H:\Desktop\parents\ptsa\Bell Schedule\text2.html --> enloehs.wcpss.net /htdocs/parents/ptsa/Bell Schedule text2.html
2015.04.28 14:08 B H:\Desktop\parents\ptsa\Bell Schedule\text3.html --> enloehs.wcpss.net /htdocs/parents/ptsa/Bell Schedule text3.html
2015.04.28 14:08 B H:\Desktop\parents\ptsa\Bell Schedule\text4.html --> enloehs.wcpss.net /htdocs/parents/ptsa/Bell Schedule text4.html
2015.04.28 14:08 B H:\Desktop\parents\ptsa\Bell Schedule\text5.html --> enloehs.wcpss.net /htdocs/parents/ptsa/Bell Schedule text5.html
2015.04.28 14:08 B H:\Desktop\parents\ptsa\Bell Schedule\text6.html --> enloehs.wcpss.net /htdocs/parents/ptsa/Bell Schedule text6.html
2015.04.28 14:08 B H:\Desktop\parents\ptsa\Bell Schedule\text7.html --> enloehs.wcpss.net /htdocs/parents/ptsa/Bell Schedule text7.html
2015.04.28 14:08 B H:\Desktop\parents\ptsa\Bell Schedule\text8.html --> enloehs.wcpss.net /htdocs/parents/ptsa/Bell Schedule text8.html
2015.04.28 14:08 B H:\Desktop\parents\ptsa\Bell Schedule\text9.html --> enloehs.wcpss.net /htdocs/parents/ptsa/Bell Schedule text9.html
2015.04.28 14:08 B H:\Desktop\parents\ptsa\Bell Schedule\WS_FTP.LOG --> enloehs.wcpss.net /htdocs/parents/ptsa/Bell Schedule WS_FTP.LOG
