2015.04.10 08:54 B C:\EnloeSite-2015-04-10\EnloeSite\images\awards.png --> schools.wcpss.net /htdocs/EnloeSite/images awards.png
2015.04.10 08:54 B C:\EnloeSite-2015-04-10\EnloeSite\images\blackboard.gif --> schools.wcpss.net /htdocs/EnloeSite/images blackboard.gif
2015.04.10 08:54 B C:\EnloeSite-2015-04-10\EnloeSite\images\book_club.png --> schools.wcpss.net /htdocs/EnloeSite/images book_club.png
2015.04.10 08:54 B C:\EnloeSite-2015-04-10\EnloeSite\images\bookcover.jpg --> schools.wcpss.net /htdocs/EnloeSite/images bookcover.jpg
2015.04.10 08:54 B C:\EnloeSite-2015-04-10\EnloeSite\images\content_tile.jpg --> schools.wcpss.net /htdocs/EnloeSite/images content_tile.jpg
2015.04.10 08:54 B C:\EnloeSite-2015-04-10\EnloeSite\images\dc-move-sw.png --> schools.wcpss.net /htdocs/EnloeSite/images dc-move-sw.png
2015.04.10 08:54 B C:\EnloeSite-2015-04-10\EnloeSite\images\de.png --> schools.wcpss.net /htdocs/EnloeSite/images de.png
2015.04.10 08:54 B C:\EnloeSite-2015-04-10\EnloeSite\images\drmslogo(1).png --> schools.wcpss.net /htdocs/EnloeSite/images drmslogo(1).png
2015.04.10 08:54 B C:\EnloeSite-2015-04-10\EnloeSite\images\edmodo_button.PNG --> schools.wcpss.net /htdocs/EnloeSite/images edmodo_button.PNG
2015.04.10 08:54 B C:\EnloeSite-2015-04-10\EnloeSite\images\ell_logo.gif --> schools.wcpss.net /htdocs/EnloeSite/images ell_logo.gif
2015.04.10 08:54 B C:\EnloeSite-2015-04-10\EnloeSite\images\encarta.gif --> schools.wcpss.net /htdocs/EnloeSite/images encarta.gif
2015.04.10 08:54 B C:\EnloeSite-2015-04-10\EnloeSite\images\enloe-high-school.png --> schools.wcpss.net /htdocs/EnloeSite/images enloe-high-school.png
2015.04.10 08:54 B C:\EnloeSite-2015-04-10\EnloeSite\images\enloe-high-school.pspimage --> schools.wcpss.net /htdocs/EnloeSite/images enloe-high-school.pspimage
2015.04.10 08:54 B C:\EnloeSite-2015-04-10\EnloeSite\images\form_gradient_tile.jpg --> schools.wcpss.net /htdocs/EnloeSite/images form_gradient_tile.jpg
2015.04.10 08:54 B C:\EnloeSite-2015-04-10\EnloeSite\images\form_gradient_tile_hover.jpg --> schools.wcpss.net /htdocs/EnloeSite/images form_gradient_tile_hover.jpg
2015.04.10 08:54 B C:\EnloeSite-2015-04-10\EnloeSite\images\form_gradient_tile_tall.jpg --> schools.wcpss.net /htdocs/EnloeSite/images form_gradient_tile_tall.jpg
2015.04.10 08:54 B C:\EnloeSite-2015-04-10\EnloeSite\images\galegroup.gif --> schools.wcpss.net /htdocs/EnloeSite/images galegroup.gif
2015.04.10 08:54 B C:\EnloeSite-2015-04-10\EnloeSite\images\grad.png --> schools.wcpss.net /htdocs/EnloeSite/images grad.png
2015.04.10 08:54 B C:\EnloeSite-2015-04-10\EnloeSite\images\handbook.gif --> schools.wcpss.net /htdocs/EnloeSite/images handbook.gif
2015.04.10 08:54 B C:\EnloeSite-2015-04-10\EnloeSite\images\handbook.png --> schools.wcpss.net /htdocs/EnloeSite/images handbook.png
2015.04.10 08:54 B C:\EnloeSite-2015-04-10\EnloeSite\images\header.jpg --> schools.wcpss.net /htdocs/EnloeSite/images header.jpg
2015.04.10 08:54 B C:\EnloeSite-2015-04-10\EnloeSite\images\header_tile.jpg --> schools.wcpss.net /htdocs/EnloeSite/images header_tile.jpg
2015.04.10 08:54 B C:\EnloeSite-2015-04-10\EnloeSite\images\homepage_button.png --> schools.wcpss.net /htdocs/EnloeSite/images homepage_button.png
2015.04.10 08:54 B C:\EnloeSite-2015-04-10\EnloeSite\images\index.php --> schools.wcpss.net /htdocs/EnloeSite/images index.php
2015.04.10 08:54 B C:\EnloeSite-2015-04-10\EnloeSite\images\media.png --> schools.wcpss.net /htdocs/EnloeSite/images media.png
2015.04.10 08:54 B C:\EnloeSite-2015-04-10\EnloeSite\images\nav-grey.png --> schools.wcpss.net /htdocs/EnloeSite/images nav-grey.png
2015.04.10 08:54 B C:\EnloeSite-2015-04-10\EnloeSite\images\ncwiseowl.gif --> schools.wcpss.net /htdocs/EnloeSite/images ncwiseowl.gif
2015.04.10 08:55 B C:\EnloeSite-2015-04-10\EnloeSite\images\novelist.png --> schools.wcpss.net /htdocs/EnloeSite/images novelist.png
2015.04.10 08:55 B C:\EnloeSite-2015-04-10\EnloeSite\images\picture3.png --> schools.wcpss.net /htdocs/EnloeSite/images picture3.png
2015.04.10 08:55 B C:\EnloeSite-2015-04-10\EnloeSite\images\proquest.gif --> schools.wcpss.net /htdocs/EnloeSite/images proquest.gif
2015.04.10 08:55 B C:\EnloeSite-2015-04-10\EnloeSite\images\rev-grey.png --> schools.wcpss.net /htdocs/EnloeSite/images rev-grey.png
2015.04.10 08:55 B C:\EnloeSite-2015-04-10\EnloeSite\images\scholarship.png --> schools.wcpss.net /htdocs/EnloeSite/images scholarship.png
2015.04.10 08:55 B C:\EnloeSite-2015-04-10\EnloeSite\images\search-white.png --> schools.wcpss.net /htdocs/EnloeSite/images search-white.png
2015.04.10 08:55 B C:\EnloeSite-2015-04-10\EnloeSite\images\sidebar-left.png --> schools.wcpss.net /htdocs/EnloeSite/images sidebar-left.png
2015.04.10 08:55 B C:\EnloeSite-2015-04-10\EnloeSite\images\sidebar-right.png --> schools.wcpss.net /htdocs/EnloeSite/images sidebar-right.png
2015.04.10 08:55 B C:\EnloeSite-2015-04-10\EnloeSite\images\sirsdecades.png --> schools.wcpss.net /htdocs/EnloeSite/images sirsdecades.png
2015.04.10 08:55 B C:\EnloeSite-2015-04-10\EnloeSite\images\span.png --> schools.wcpss.net /htdocs/EnloeSite/images span.png
2015.04.10 08:55 B C:\EnloeSite-2015-04-10\EnloeSite\images\studyisland.png --> schools.wcpss.net /htdocs/EnloeSite/images studyisland.png
2015.04.10 08:55 B C:\EnloeSite-2015-04-10\EnloeSite\images\sublinks-back.png --> schools.wcpss.net /htdocs/EnloeSite/images sublinks-back.png
2015.04.10 08:55 B C:\EnloeSite-2015-04-10\EnloeSite\images\sublinks-bottom.png --> schools.wcpss.net /htdocs/EnloeSite/images sublinks-bottom.png
2015.04.10 08:55 B C:\EnloeSite-2015-04-10\EnloeSite\images\sublinks-top.png --> schools.wcpss.net /htdocs/EnloeSite/images sublinks-top.png
2015.04.10 08:55 B C:\EnloeSite-2015-04-10\EnloeSite\images\teacherlink.gif --> schools.wcpss.net /htdocs/EnloeSite/images teacherlink.gif
2015.04.10 08:55 B C:\EnloeSite-2015-04-10\EnloeSite\images\testing.png --> schools.wcpss.net /htdocs/EnloeSite/images testing.png
2015.04.10 08:55 B C:\EnloeSite-2015-04-10\EnloeSite\images\testing_gp.png --> schools.wcpss.net /htdocs/EnloeSite/images testing_gp.png
2015.04.10 08:55 B C:\EnloeSite-2015-04-10\EnloeSite\images\Thumbs.db --> schools.wcpss.net /htdocs/EnloeSite/images Thumbs.db
2015.04.10 08:55 B C:\EnloeSite-2015-04-10\EnloeSite\images\turnitin.png --> schools.wcpss.net /htdocs/EnloeSite/images turnitin.png
2015.04.10 08:55 B C:\EnloeSite-2015-04-10\EnloeSite\images\usicon.png --> schools.wcpss.net /htdocs/EnloeSite/images usicon.png
2015.04.10 08:55 B C:\EnloeSite-2015-04-10\EnloeSite\images\webassign.gif --> schools.wcpss.net /htdocs/EnloeSite/images webassign.gif
2015.04.10 08:55 B C:\EnloeSite-2015-04-10\EnloeSite\images\window.jpg --> schools.wcpss.net /htdocs/EnloeSite/images window.jpg
