2015.04.10 08:54 B C:\EnloeSite-2015-04-10\EnloeSite\images\banners\2000s.window.jpg --> schools.wcpss.net /htdocs/EnloeSite/images/banners 2000s.window.jpg
2015.04.10 08:54 B C:\EnloeSite-2015-04-10\EnloeSite\images\banners\breezeway.from.hill.jpg --> schools.wcpss.net /htdocs/EnloeSite/images/banners breezeway.from.hill.jpg
2015.04.10 08:54 B C:\EnloeSite-2015-04-10\EnloeSite\images\banners\bus.loop.jpg --> schools.wcpss.net /htdocs/EnloeSite/images/banners bus.loop.jpg
2015.04.10 08:54 B C:\EnloeSite-2015-04-10\EnloeSite\images\banners\cafeteria.from.seniors.parking.jpg --> schools.wcpss.net /htdocs/EnloeSite/images/banners cafeteria.from.seniors.parking.jpg
2015.04.10 08:54 B C:\EnloeSite-2015-04-10\EnloeSite\images\banners\courtyard.from.center.jpg --> schools.wcpss.net /htdocs/EnloeSite/images/banners courtyard.from.center.jpg
2015.04.10 08:54 B C:\EnloeSite-2015-04-10\EnloeSite\images\banners\courtyard.from.wood.jpg --> schools.wcpss.net /htdocs/EnloeSite/images/banners courtyard.from.wood.jpg
2015.04.10 08:54 B C:\EnloeSite-2015-04-10\EnloeSite\images\banners\ehsbanner.jpg --> schools.wcpss.net /htdocs/EnloeSite/images/banners ehsbanner.jpg
2015.04.10 08:54 B C:\EnloeSite-2015-04-10\EnloeSite\images\banners\ehsbanner_lyons.jpg --> schools.wcpss.net /htdocs/EnloeSite/images/banners ehsbanner_lyons.jpg
2015.04.10 08:54 B C:\EnloeSite-2015-04-10\EnloeSite\images\banners\ehsbanner_lyons_.jpg --> schools.wcpss.net /htdocs/EnloeSite/images/banners ehsbanner_lyons_.jpg
2015.04.10 08:54 B C:\EnloeSite-2015-04-10\EnloeSite\images\banners\ehsbanner_no_name.jpg --> schools.wcpss.net /htdocs/EnloeSite/images/banners ehsbanner_no_name.jpg
2015.04.10 08:54 B C:\EnloeSite-2015-04-10\EnloeSite\images\banners\field.jpg --> schools.wcpss.net /htdocs/EnloeSite/images/banners field.jpg
2015.04.10 08:54 B C:\EnloeSite-2015-04-10\EnloeSite\images\banners\gym.entrance.from.pods.jpg --> schools.wcpss.net /htdocs/EnloeSite/images/banners gym.entrance.from.pods.jpg
2015.04.10 08:54 B C:\EnloeSite-2015-04-10\EnloeSite\images\banners\hall.from.library.jpg --> schools.wcpss.net /htdocs/EnloeSite/images/banners hall.from.library.jpg
2015.04.10 08:54 B C:\EnloeSite-2015-04-10\EnloeSite\images\banners\index.php --> schools.wcpss.net /htdocs/EnloeSite/images/banners index.php
2015.04.10 08:54 B C:\EnloeSite-2015-04-10\EnloeSite\images\banners\layer.gif --> schools.wcpss.net /htdocs/EnloeSite/images/banners layer.gif
2015.04.10 08:54 B C:\EnloeSite-2015-04-10\EnloeSite\images\banners\main.sign.jpg --> schools.wcpss.net /htdocs/EnloeSite/images/banners main.sign.jpg
2015.04.10 08:54 B C:\EnloeSite-2015-04-10\EnloeSite\images\banners\middle.east.forking.jpg --> schools.wcpss.net /htdocs/EnloeSite/images/banners middle.east.forking.jpg
2015.04.10 08:54 B C:\EnloeSite-2015-04-10\EnloeSite\images\banners\middle.east.from.library.jpg --> schools.wcpss.net /htdocs/EnloeSite/images/banners middle.east.from.library.jpg
2015.04.10 08:54 B C:\EnloeSite-2015-04-10\EnloeSite\images\banners\middle.east.from.side.jpg --> schools.wcpss.net /htdocs/EnloeSite/images/banners middle.east.from.side.jpg
2015.04.10 08:54 B C:\EnloeSite-2015-04-10\EnloeSite\images\banners\middle.east.lobby.jpg --> schools.wcpss.net /htdocs/EnloeSite/images/banners middle.east.lobby.jpg
2015.04.10 08:54 B C:\EnloeSite-2015-04-10\EnloeSite\images\banners\middleeast.jpg --> schools.wcpss.net /htdocs/EnloeSite/images/banners middleeast.jpg
2015.04.10 08:54 B C:\EnloeSite-2015-04-10\EnloeSite\images\banners\Thumbs.db --> schools.wcpss.net /htdocs/EnloeSite/images/banners Thumbs.db
