2015.04.28 14:08 B H:\Desktop\parents\ptsa\11c643c0.png --> enloehs.wcpss.net /htdocs/parents/ptsa 11c643c0.png
2015.04.28 14:08 B H:\Desktop\parents\ptsa\2009_Nov10_PTSA_minutes[1].pdf --> enloehs.wcpss.net /htdocs/parents/ptsa 2009_Nov10_PTSA_minutes[1].pdf
2015.04.28 14:08 B H:\Desktop\parents\ptsa\2009_November17_PTSA_nonminutes[1].pdf --> enloehs.wcpss.net /htdocs/parents/ptsa 2009_November17_PTSA_nonminutes[1].pdf
2015.04.28 14:08 B H:\Desktop\parents\ptsa\2010_April6_PTSA_minutes.pdf --> enloehs.wcpss.net /htdocs/parents/ptsa 2010_April6_PTSA_minutes.pdf
2015.04.28 14:08 B H:\Desktop\parents\ptsa\2010_April6_PTSA_minutes[1].pdf --> enloehs.wcpss.net /htdocs/parents/ptsa 2010_April6_PTSA_minutes[1].pdf
2015.04.28 14:08 B H:\Desktop\parents\ptsa\2010_Feb9_PTSA_minutes.pdf --> enloehs.wcpss.net /htdocs/parents/ptsa 2010_Feb9_PTSA_minutes.pdf
2015.04.28 14:08 B H:\Desktop\parents\ptsa\2010_Feb9_PTSA_minutes[1].pdf --> enloehs.wcpss.net /htdocs/parents/ptsa 2010_Feb9_PTSA_minutes[1].pdf
2015.04.28 14:08 B H:\Desktop\parents\ptsa\2010_Jan12_PTSA_minutes.pdf --> enloehs.wcpss.net /htdocs/parents/ptsa 2010_Jan12_PTSA_minutes.pdf
2015.04.28 14:08 B H:\Desktop\parents\ptsa\2010_May11_PTSA_minutes.pdf --> enloehs.wcpss.net /htdocs/parents/ptsa 2010_May11_PTSA_minutes.pdf
2015.04.28 14:08 B H:\Desktop\parents\ptsa\2010_May11_PTSA_minutes[1].pdf --> enloehs.wcpss.net /htdocs/parents/ptsa 2010_May11_PTSA_minutes[1].pdf
2015.04.28 14:08 B H:\Desktop\parents\ptsa\32ad1aa2.png --> enloehs.wcpss.net /htdocs/parents/ptsa 32ad1aa2.png
2015.04.28 14:08 B H:\Desktop\parents\ptsa\4235399.png --> enloehs.wcpss.net /htdocs/parents/ptsa 4235399.png
2015.04.28 14:08 B H:\Desktop\parents\ptsa\about.pdf --> enloehs.wcpss.net /htdocs/parents/ptsa about.pdf
2015.04.28 14:08 B H:\Desktop\parents\ptsa\apr_08_2008.pdf --> enloehs.wcpss.net /htdocs/parents/ptsa apr_08_2008.pdf
2015.04.28 14:08 B H:\Desktop\parents\ptsa\apr_14_2009.pdf --> enloehs.wcpss.net /htdocs/parents/ptsa apr_14_2009.pdf
2015.04.28 14:08 B H:\Desktop\parents\ptsa\april_10,_2007.pdf --> enloehs.wcpss.net /htdocs/parents/ptsa april_10,_2007.pdf
2015.04.28 14:08 B H:\Desktop\parents\ptsa\aug_2009.pdf --> enloehs.wcpss.net /htdocs/parents/ptsa aug_2009.pdf
2015.04.28 14:08 B H:\Desktop\parents\ptsa\aug_31_2010.pdf --> enloehs.wcpss.net /htdocs/parents/ptsa aug_31_2010.pdf
2015.04.28 14:08 B H:\Desktop\parents\ptsa\august_26_2008.pdf --> enloehs.wcpss.net /htdocs/parents/ptsa august_26_2008.pdf
2015.04.28 14:08 B H:\Desktop\parents\ptsa\august_28_2007.pdf --> enloehs.wcpss.net /htdocs/parents/ptsa august_28_2007.pdf
2015.04.28 14:08 B H:\Desktop\parents\ptsa\august_29,_2006.pdf --> enloehs.wcpss.net /htdocs/parents/ptsa august_29,_2006.pdf
2015.04.28 14:08 B H:\Desktop\parents\ptsa\Concerns about block schedule at Enloe.pdf --> enloehs.wcpss.net /htdocs/parents/ptsa Concerns about block schedule at Enloe.pdf
2015.04.28 14:08 B H:\Desktop\parents\ptsa\depositform.pdf --> enloehs.wcpss.net /htdocs/parents/ptsa depositform.pdf
2015.04.28 14:08 B H:\Desktop\parents\ptsa\desktop.ini --> enloehs.wcpss.net /htdocs/parents/ptsa desktop.ini
2015.04.28 14:08 B H:\Desktop\parents\ptsa\Eaglevision_Fall_2011.pdf --> enloehs.wcpss.net /htdocs/parents/ptsa Eaglevision_Fall_2011.pdf
2015.04.28 14:08 B H:\Desktop\parents\ptsa\enews.html --> enloehs.wcpss.net /htdocs/parents/ptsa enews.html
2015.04.28 14:08 B H:\Desktop\parents\ptsa\Enloe 2013-14 Fundraising.pdf --> enloehs.wcpss.net /htdocs/parents/ptsa Enloe 2013-14 Fundraising.pdf
2015.04.28 14:08 B H:\Desktop\parents\ptsa\Enloe 2014-15 Fundraising.pdf --> enloehs.wcpss.net /htdocs/parents/ptsa Enloe 2014-15 Fundraising.pdf
2015.04.28 14:08 B H:\Desktop\parents\ptsa\Enloe EagleVision newsletter2012v3.1.pdf --> enloehs.wcpss.net /htdocs/parents/ptsa Enloe EagleVision newsletter2012v3.1.pdf
2015.04.28 14:08 B H:\Desktop\parents\ptsa\Enloe EagleVision newsletter2013-14 Final v2.pdf --> enloehs.wcpss.net /htdocs/parents/ptsa Enloe EagleVision newsletter2013-14 Final v2.pdf
2015.04.28 14:08 B H:\Desktop\parents\ptsa\Enloe PTSA Membership Meeting April 22 2014.pdf --> enloehs.wcpss.net /htdocs/parents/ptsa Enloe PTSA Membership Meeting April 22 2014.pdf
2015.04.28 14:08 B H:\Desktop\parents\ptsa\Enloe PTSA Membership Meeting February 7 2014.pdf --> enloehs.wcpss.net /htdocs/parents/ptsa Enloe PTSA Membership Meeting February 7 2014.pdf
2015.04.28 14:08 B H:\Desktop\parents\ptsa\Enloe PTSA Membership Meeting March 11 2014.pdf --> enloehs.wcpss.net /htdocs/parents/ptsa Enloe PTSA Membership Meeting March 11 2014.pdf
2015.04.28 14:08 B H:\Desktop\parents\ptsa\Enloe PTSA Membership Meeting May 21 2014.pdf --> enloehs.wcpss.net /htdocs/parents/ptsa Enloe PTSA Membership Meeting May 21 2014.pdf
2015.04.28 14:08 B H:\Desktop\parents\ptsa\Enloe PTSA Membership Meeting October 15 2013.pdf --> enloehs.wcpss.net /htdocs/parents/ptsa Enloe PTSA Membership Meeting October 15 2013.pdf
2015.04.28 14:08 B H:\Desktop\parents\ptsa\Enloe PTSA Membership Meeting September 17 2013.pdf --> enloehs.wcpss.net /htdocs/parents/ptsa Enloe PTSA Membership Meeting September 17 2013.pdf
2015.04.28 14:08 B H:\Desktop\parents\ptsa\Enloe_PTSA_Meeting_November_18_2014.pdf --> enloehs.wcpss.net /htdocs/parents/ptsa Enloe_PTSA_Meeting_November_18_2014.pdf
2015.04.28 14:08 B H:\Desktop\parents\ptsa\Enloe_PTSA_Meeting_October_21_2014.pdf --> enloehs.wcpss.net /htdocs/parents/ptsa Enloe_PTSA_Meeting_October_21_2014.pdf
2015.04.28 14:08 B H:\Desktop\parents\ptsa\Enloe_PTSA_Meeting_September_16_2014.pdf --> enloehs.wcpss.net /htdocs/parents/ptsa Enloe_PTSA_Meeting_September_16_2014.pdf
2015.04.28 14:08 B H:\Desktop\parents\ptsa\EnloePTSASCHOLARSHIPAPPLICATION- 09-10.pdf --> enloehs.wcpss.net /htdocs/parents/ptsa EnloePTSASCHOLARSHIPAPPLICATION- 09-10.pdf
2015.04.28 14:08 B H:\Desktop\parents\ptsa\EnloePTSASHOLARSHIPGUIDELINES2010.pdf --> enloehs.wcpss.net /htdocs/parents/ptsa EnloePTSASHOLARSHIPGUIDELINES2010.pdf
2015.04.28 14:08 B H:\Desktop\parents\ptsa\fall06.pdf --> enloehs.wcpss.net /htdocs/parents/ptsa fall06.pdf
2015.04.28 14:08 B H:\Desktop\parents\ptsa\feb_08_2011.pdf --> enloehs.wcpss.net /htdocs/parents/ptsa feb_08_2011.pdf
2015.04.28 14:08 B H:\Desktop\parents\ptsa\feb_10_2009.pdf --> enloehs.wcpss.net /htdocs/parents/ptsa feb_10_2009.pdf
2015.04.28 14:08 B H:\Desktop\parents\ptsa\feb_12_2008.pdf --> enloehs.wcpss.net /htdocs/parents/ptsa feb_12_2008.pdf
2015.04.28 14:08 B H:\Desktop\parents\ptsa\feb_2009.pdf --> enloehs.wcpss.net /htdocs/parents/ptsa feb_2009.pdf
2015.04.28 14:08 B H:\Desktop\parents\ptsa\february_13,_2007.pdf --> enloehs.wcpss.net /htdocs/parents/ptsa february_13,_2007.pdf
2015.04.28 14:08 B H:\Desktop\parents\ptsa\foodlion_mvp.gif --> enloehs.wcpss.net /htdocs/parents/ptsa foodlion_mvp.gif
2015.04.28 14:08 B H:\Desktop\parents\ptsa\fundraising.html --> enloehs.wcpss.net /htdocs/parents/ptsa fundraising.html
2015.04.28 14:08 B H:\Desktop\parents\ptsa\grant08.pdf --> enloehs.wcpss.net /htdocs/parents/ptsa grant08.pdf
2015.04.28 14:08 B H:\Desktop\parents\ptsa\grant_winners_09_10.pdf --> enloehs.wcpss.net /htdocs/parents/ptsa grant_winners_09_10.pdf
2015.04.28 14:08 B H:\Desktop\parents\ptsa\grantapp10.pdf --> enloehs.wcpss.net /htdocs/parents/ptsa grantapp10.pdf
2015.04.28 14:08 B H:\Desktop\parents\ptsa\grantapp10.rtf --> enloehs.wcpss.net /htdocs/parents/ptsa grantapp10.rtf
2015.04.28 14:08 B H:\Desktop\parents\ptsa\grantapp11.pdf --> enloehs.wcpss.net /htdocs/parents/ptsa grantapp11.pdf
2015.04.28 14:08 B H:\Desktop\parents\ptsa\grantapp11.rtf --> enloehs.wcpss.net /htdocs/parents/ptsa grantapp11.rtf
2015.04.28 14:08 B H:\Desktop\parents\ptsa\grantapp13-14.pdf --> enloehs.wcpss.net /htdocs/parents/ptsa grantapp13-14.pdf
2015.04.28 14:08 B H:\Desktop\parents\ptsa\grantapp13.pdf --> enloehs.wcpss.net /htdocs/parents/ptsa grantapp13.pdf
2015.04.28 14:08 B H:\Desktop\parents\ptsa\grantapp13.rtf --> enloehs.wcpss.net /htdocs/parents/ptsa grantapp13.rtf
2015.04.28 14:08 B H:\Desktop\parents\ptsa\grantapp14.pdf --> enloehs.wcpss.net /htdocs/parents/ptsa grantapp14.pdf
2015.04.28 14:08 B H:\Desktop\parents\ptsa\grants06.pdf --> enloehs.wcpss.net /htdocs/parents/ptsa grants06.pdf
2015.04.28 14:08 B H:\Desktop\parents\ptsa\grants07.pdf --> enloehs.wcpss.net /htdocs/parents/ptsa grants07.pdf
2015.04.28 14:08 B H:\Desktop\parents\ptsa\harristeeter_vic.gif --> enloehs.wcpss.net /htdocs/parents/ptsa harristeeter_vic.gif
2015.04.28 14:08 B H:\Desktop\parents\ptsa\infoenloegrant[1]2009.pdf --> enloehs.wcpss.net /htdocs/parents/ptsa infoenloegrant[1]2009.pdf
2015.04.28 14:08 B H:\Desktop\parents\ptsa\jan_08_2008.pdf --> enloehs.wcpss.net /htdocs/parents/ptsa jan_08_2008.pdf
2015.04.28 14:08 B H:\Desktop\parents\ptsa\jan_13_2009.pdf --> enloehs.wcpss.net /htdocs/parents/ptsa jan_13_2009.pdf
2015.04.28 14:08 B H:\Desktop\parents\ptsa\jan_18_2011.pdf --> enloehs.wcpss.net /htdocs/parents/ptsa jan_18_2011.pdf
2015.04.28 14:08 B H:\Desktop\parents\ptsa\january_9,_2007.pdf --> enloehs.wcpss.net /htdocs/parents/ptsa january_9,_2007.pdf
2015.04.28 14:08 B H:\Desktop\parents\ptsa\joinptsa.pdf --> enloehs.wcpss.net /htdocs/parents/ptsa joinptsa.pdf
2015.04.28 14:08 B H:\Desktop\parents\ptsa\joinptsa2013-14.pdf --> enloehs.wcpss.net /htdocs/parents/ptsa joinptsa2013-14.pdf
2015.04.28 14:08 B H:\Desktop\parents\ptsa\joinptsa2014-15.pdf --> enloehs.wcpss.net /htdocs/parents/ptsa joinptsa2014-15.pdf
2015.04.28 14:08 B H:\Desktop\parents\ptsa\june_5_2007.pdf --> enloehs.wcpss.net /htdocs/parents/ptsa june_5_2007.pdf
2015.04.28 14:08 B H:\Desktop\parents\ptsa\kroger_plus.gif --> enloehs.wcpss.net /htdocs/parents/ptsa kroger_plus.gif
2015.04.28 14:08 B H:\Desktop\parents\ptsa\m387b1539.png --> enloehs.wcpss.net /htdocs/parents/ptsa m387b1539.png
2015.04.28 14:08 B H:\Desktop\parents\ptsa\mar_08_2011.pdf --> enloehs.wcpss.net /htdocs/parents/ptsa mar_08_2011.pdf
2015.04.28 14:08 B H:\Desktop\parents\ptsa\mar_10_2009.pdf --> enloehs.wcpss.net /htdocs/parents/ptsa mar_10_2009.pdf
2015.04.28 14:08 B H:\Desktop\parents\ptsa\mar_11_2008.pdf --> enloehs.wcpss.net /htdocs/parents/ptsa mar_11_2008.pdf
2015.04.28 14:08 B H:\Desktop\parents\ptsa\march_13,_2007.pdf --> enloehs.wcpss.net /htdocs/parents/ptsa march_13,_2007.pdf
2015.04.28 14:08 B H:\Desktop\parents\ptsa\may_11_2010.pdf --> enloehs.wcpss.net /htdocs/parents/ptsa may_11_2010.pdf
2015.04.28 14:08 B H:\Desktop\parents\ptsa\may_12_2009.pdf --> enloehs.wcpss.net /htdocs/parents/ptsa may_12_2009.pdf
2015.04.28 14:08 B H:\Desktop\parents\ptsa\may_13_2008.pdf --> enloehs.wcpss.net /htdocs/parents/ptsa may_13_2008.pdf
2015.04.28 14:08 B H:\Desktop\parents\ptsa\may_2009.pdf --> enloehs.wcpss.net /htdocs/parents/ptsa may_2009.pdf
2015.04.28 14:08 B H:\Desktop\parents\ptsa\meetings.html --> enloehs.wcpss.net /htdocs/parents/ptsa meetings.html
2015.04.28 14:08 B H:\Desktop\parents\ptsa\meetings_2007.html --> enloehs.wcpss.net /htdocs/parents/ptsa meetings_2007.html
2015.04.28 14:08 B H:\Desktop\parents\ptsa\meetings_2008.html --> enloehs.wcpss.net /htdocs/parents/ptsa meetings_2008.html
2015.04.28 14:08 B H:\Desktop\parents\ptsa\meetings_2009.html --> enloehs.wcpss.net /htdocs/parents/ptsa meetings_2009.html
2015.04.28 14:08 B H:\Desktop\parents\ptsa\meetings_2010.html --> enloehs.wcpss.net /htdocs/parents/ptsa meetings_2010.html
2015.04.28 14:08 B H:\Desktop\parents\ptsa\meetings_2011.html --> enloehs.wcpss.net /htdocs/parents/ptsa meetings_2011.html
2015.04.28 14:08 B H:\Desktop\parents\ptsa\meetings_2012.html --> enloehs.wcpss.net /htdocs/parents/ptsa meetings_2012.html
2015.04.28 14:08 B H:\Desktop\parents\ptsa\meetings_2013.html --> enloehs.wcpss.net /htdocs/parents/ptsa meetings_2013.html
2015.04.28 14:08 B H:\Desktop\parents\ptsa\meetings_2014.html --> enloehs.wcpss.net /htdocs/parents/ptsa meetings_2014.html
2015.04.28 14:08 B H:\Desktop\parents\ptsa\ncpta_aug-sept06.pdf --> enloehs.wcpss.net /htdocs/parents/ptsa ncpta_aug-sept06.pdf
2015.04.28 14:08 B H:\Desktop\parents\ptsa\ncpta_dec-jan07.pdf --> enloehs.wcpss.net /htdocs/parents/ptsa ncpta_dec-jan07.pdf
2015.04.28 14:08 B H:\Desktop\parents\ptsa\ncpta_oct-nov06.pdf --> enloehs.wcpss.net /htdocs/parents/ptsa ncpta_oct-nov06.pdf
2015.04.28 14:08 B H:\Desktop\parents\ptsa\newsandobserver.gif --> enloehs.wcpss.net /htdocs/parents/ptsa newsandobserver.gif
2015.04.28 14:08 B H:\Desktop\parents\ptsa\newsletters.html --> enloehs.wcpss.net /htdocs/parents/ptsa newsletters.html
2015.04.28 14:08 B H:\Desktop\parents\ptsa\nov_08_2011.pdf --> enloehs.wcpss.net /htdocs/parents/ptsa nov_08_2011.pdf
2015.04.28 14:08 B H:\Desktop\parents\ptsa\nov_09_2010.pdf --> enloehs.wcpss.net /htdocs/parents/ptsa nov_09_2010.pdf
2015.04.28 14:08 B H:\Desktop\parents\ptsa\nov_13_2007.pdf --> enloehs.wcpss.net /htdocs/parents/ptsa nov_13_2007.pdf
2015.04.28 14:08 B H:\Desktop\parents\ptsa\nov_18_2008.pdf --> enloehs.wcpss.net /htdocs/parents/ptsa nov_18_2008.pdf
2015.04.28 14:08 B H:\Desktop\parents\ptsa\nov_2008.pdf --> enloehs.wcpss.net /htdocs/parents/ptsa nov_2008.pdf
2015.04.28 14:08 B H:\Desktop\parents\ptsa\nov_2009.pdf --> enloehs.wcpss.net /htdocs/parents/ptsa nov_2009.pdf
2015.04.28 14:08 B H:\Desktop\parents\ptsa\November 19, 2013 Enloe PTSA Membership Meeting.pdf --> enloehs.wcpss.net /htdocs/parents/ptsa November 19, 2013 Enloe PTSA Membership Meeting.pdf
2015.04.28 14:08 B H:\Desktop\parents\ptsa\november_14,_2006.pdf --> enloehs.wcpss.net /htdocs/parents/ptsa november_14,_2006.pdf
2015.04.28 14:08 B H:\Desktop\parents\ptsa\oct_09_2007.pdf --> enloehs.wcpss.net /htdocs/parents/ptsa oct_09_2007.pdf
2015.04.28 14:08 B H:\Desktop\parents\ptsa\oct_12_2010.pdf --> enloehs.wcpss.net /htdocs/parents/ptsa oct_12_2010.pdf
2015.04.28 14:08 B H:\Desktop\parents\ptsa\oct_13_2009.pdf --> enloehs.wcpss.net /htdocs/parents/ptsa oct_13_2009.pdf
2015.04.28 14:08 B H:\Desktop\parents\ptsa\october_10,_2006.pdf --> enloehs.wcpss.net /htdocs/parents/ptsa october_10,_2006.pdf
2015.04.28 14:08 B H:\Desktop\parents\ptsa\october_14_2008.pdf --> enloehs.wcpss.net /htdocs/parents/ptsa october_14_2008.pdf
2015.04.28 14:08 B H:\Desktop\parents\ptsa\office depot.png --> enloehs.wcpss.net /htdocs/parents/ptsa office depot.png
2015.04.28 14:08 B H:\Desktop\parents\ptsa\parent2013.pdf --> enloehs.wcpss.net /htdocs/parents/ptsa parent2013.pdf
2015.04.28 14:08 B H:\Desktop\parents\ptsa\ptsa_reflections_rules_entry_form_0708.pdf --> enloehs.wcpss.net /htdocs/parents/ptsa ptsa_reflections_rules_entry_form_0708.pdf
2015.04.28 14:08 B H:\Desktop\parents\ptsa\ptsaboard.html --> enloehs.wcpss.net /htdocs/parents/ptsa ptsaboard.html
2015.04.28 14:08 B H:\Desktop\parents\ptsa\ptsaforms.html --> enloehs.wcpss.net /htdocs/parents/ptsa ptsaforms.html
2015.04.28 14:08 B H:\Desktop\parents\ptsa\ready.pdf --> enloehs.wcpss.net /htdocs/parents/ptsa ready.pdf
2015.04.28 14:08 B H:\Desktop\parents\ptsa\Reflection Flier 2013-14.pdf --> enloehs.wcpss.net /htdocs/parents/ptsa Reflection Flier 2013-14.pdf
2015.04.28 14:08 B H:\Desktop\parents\ptsa\Reflections2010-11.pdf --> enloehs.wcpss.net /htdocs/parents/ptsa Reflections2010-11.pdf
2015.04.28 14:08 B H:\Desktop\parents\ptsa\Reflections2014-2015.pdf --> enloehs.wcpss.net /htdocs/parents/ptsa Reflections2014-2015.pdf
2015.04.28 14:08 B H:\Desktop\parents\ptsa\reflections_information_2009.pdf --> enloehs.wcpss.net /htdocs/parents/ptsa reflections_information_2009.pdf
2015.04.28 14:08 B H:\Desktop\parents\ptsa\reimbursementform.pdf --> enloehs.wcpss.net /htdocs/parents/ptsa reimbursementform.pdf
2015.04.28 14:08 B H:\Desktop\parents\ptsa\safety_apr_30_09.pdf --> enloehs.wcpss.net /htdocs/parents/ptsa safety_apr_30_09.pdf
2015.04.28 14:08 B H:\Desktop\parents\ptsa\safety_faq.pdf --> enloehs.wcpss.net /htdocs/parents/ptsa safety_faq.pdf
2015.04.28 14:08 B H:\Desktop\parents\ptsa\safety_mar_10_2009.pdf --> enloehs.wcpss.net /htdocs/parents/ptsa safety_mar_10_2009.pdf
2015.04.28 14:08 B H:\Desktop\parents\ptsa\safety_mar_23_2009.pdf --> enloehs.wcpss.net /htdocs/parents/ptsa safety_mar_23_2009.pdf
2015.04.28 14:08 B H:\Desktop\parents\ptsa\safety_tips.pdf --> enloehs.wcpss.net /htdocs/parents/ptsa safety_tips.pdf
2015.04.28 14:08 B H:\Desktop\parents\ptsa\safety_tips09_10.pdf --> enloehs.wcpss.net /htdocs/parents/ptsa safety_tips09_10.pdf
2015.04.28 14:08 B H:\Desktop\parents\ptsa\scholarship_appl._updated_2007.pdf --> enloehs.wcpss.net /htdocs/parents/ptsa scholarship_appl._updated_2007.pdf
2015.04.28 14:08 B H:\Desktop\parents\ptsa\scholarship_appl_08_09.pdf --> enloehs.wcpss.net /htdocs/parents/ptsa scholarship_appl_08_09.pdf
2015.04.28 14:08 B H:\Desktop\parents\ptsa\scholarship_appl_08_09.rtf --> enloehs.wcpss.net /htdocs/parents/ptsa scholarship_appl_08_09.rtf
2015.04.28 14:08 B H:\Desktop\parents\ptsa\scholarship_application_2008.pdf --> enloehs.wcpss.net /htdocs/parents/ptsa scholarship_application_2008.pdf
2015.04.28 14:08 B H:\Desktop\parents\ptsa\scholarship_gl_08_09.pdf --> enloehs.wcpss.net /htdocs/parents/ptsa scholarship_gl_08_09.pdf
2015.04.28 14:08 B H:\Desktop\parents\ptsa\scholarship_gl_08_09.rtf --> enloehs.wcpss.net /htdocs/parents/ptsa scholarship_gl_08_09.rtf
2015.04.28 14:08 B H:\Desktop\parents\ptsa\scholarship_guidelines_2007.pdf --> enloehs.wcpss.net /htdocs/parents/ptsa scholarship_guidelines_2007.pdf
2015.04.28 14:08 B H:\Desktop\parents\ptsa\scholarship_guidelines_2008.pdf --> enloehs.wcpss.net /htdocs/parents/ptsa scholarship_guidelines_2008.pdf
2015.04.28 14:08 B H:\Desktop\parents\ptsa\sep_01_2009.pdf --> enloehs.wcpss.net /htdocs/parents/ptsa sep_01_2009.pdf
2015.04.28 14:08 B H:\Desktop\parents\ptsa\sept_2008.pdf --> enloehs.wcpss.net /htdocs/parents/ptsa sept_2008.pdf
2015.04.28 14:08 B H:\Desktop\parents\ptsa\september_14,_2006.pdf --> enloehs.wcpss.net /htdocs/parents/ptsa september_14,_2006.pdf
2015.04.28 14:08 B H:\Desktop\parents\ptsa\spring07.pdf --> enloehs.wcpss.net /htdocs/parents/ptsa spring07.pdf
2015.04.28 14:08 B H:\Desktop\parents\ptsa\summer07.pdf --> enloehs.wcpss.net /htdocs/parents/ptsa summer07.pdf
2015.04.28 14:08 B H:\Desktop\parents\ptsa\target.gif --> enloehs.wcpss.net /htdocs/parents/ptsa target.gif
2015.04.28 14:08 B H:\Desktop\parents\ptsa\tips.html --> enloehs.wcpss.net /htdocs/parents/ptsa tips.html
2015.04.28 14:08 B H:\Desktop\parents\ptsa\tips.pdf --> enloehs.wcpss.net /htdocs/parents/ptsa tips.pdf
2015.04.28 14:08 B H:\Desktop\parents\ptsa\tips_09_10.pdf --> enloehs.wcpss.net /htdocs/parents/ptsa tips_09_10.pdf
2015.04.28 14:08 B H:\Desktop\parents\ptsa\tips_10_11.pdf --> enloehs.wcpss.net /htdocs/parents/ptsa tips_10_11.pdf
2015.04.28 14:08 B H:\Desktop\parents\ptsa\tips_11_12.pdf --> enloehs.wcpss.net /htdocs/parents/ptsa tips_11_12.pdf
2015.04.28 14:08 B H:\Desktop\parents\ptsa\Unasked questions from Enloe PTSA Meeting.pdf --> enloehs.wcpss.net /htdocs/parents/ptsa Unasked questions from Enloe PTSA Meeting.pdf
2015.04.28 14:08 B H:\Desktop\parents\ptsa\volunteering .pdf --> enloehs.wcpss.net /htdocs/parents/ptsa volunteering .pdf
2015.04.28 14:08 B H:\Desktop\parents\ptsa\volunteering.pdf --> enloehs.wcpss.net /htdocs/parents/ptsa volunteering.pdf
2015.04.28 14:08 B H:\Desktop\parents\ptsa\volunteering.rtf --> enloehs.wcpss.net /htdocs/parents/ptsa volunteering.rtf
2015.04.28 14:08 B H:\Desktop\parents\ptsa\yard_sign.pdf --> enloehs.wcpss.net /htdocs/parents/ptsa yard_sign.pdf
2015.05.14 15:44 B C:\Users\gbmoore\Google Drive\EnloeSite\parents\ptsa\meetings.html --> enloehs.wcpss.net /htdocs/parents/ptsa meetings.html
