2015.04.10 08:54 B C:\EnloeSite-2015-04-10\EnloeSite\images\Project\1.jpg --> schools.wcpss.net /htdocs/EnloeSite/images/Project 1.jpg
2015.04.10 08:54 B C:\EnloeSite-2015-04-10\EnloeSite\images\Project\1.xcf --> schools.wcpss.net /htdocs/EnloeSite/images/Project 1.xcf
2015.04.10 08:54 B C:\EnloeSite-2015-04-10\EnloeSite\images\Project\10.jpg --> schools.wcpss.net /htdocs/EnloeSite/images/Project 10.jpg
2015.04.10 08:54 B C:\EnloeSite-2015-04-10\EnloeSite\images\Project\10.xcf --> schools.wcpss.net /htdocs/EnloeSite/images/Project 10.xcf
2015.04.10 08:54 B C:\EnloeSite-2015-04-10\EnloeSite\images\Project\11.jpg --> schools.wcpss.net /htdocs/EnloeSite/images/Project 11.jpg
2015.04.10 08:54 B C:\EnloeSite-2015-04-10\EnloeSite\images\Project\11.xcf --> schools.wcpss.net /htdocs/EnloeSite/images/Project 11.xcf
2015.04.10 08:54 B C:\EnloeSite-2015-04-10\EnloeSite\images\Project\12.jpg --> schools.wcpss.net /htdocs/EnloeSite/images/Project 12.jpg
2015.04.10 08:54 B C:\EnloeSite-2015-04-10\EnloeSite\images\Project\12.xcf --> schools.wcpss.net /htdocs/EnloeSite/images/Project 12.xcf
2015.04.10 08:54 B C:\EnloeSite-2015-04-10\EnloeSite\images\Project\13.jpg --> schools.wcpss.net /htdocs/EnloeSite/images/Project 13.jpg
2015.04.10 08:54 B C:\EnloeSite-2015-04-10\EnloeSite\images\Project\13.xcf --> schools.wcpss.net /htdocs/EnloeSite/images/Project 13.xcf
2015.04.10 08:54 B C:\EnloeSite-2015-04-10\EnloeSite\images\Project\14.jpg --> schools.wcpss.net /htdocs/EnloeSite/images/Project 14.jpg
2015.04.10 08:54 B C:\EnloeSite-2015-04-10\EnloeSite\images\Project\14.xcf --> schools.wcpss.net /htdocs/EnloeSite/images/Project 14.xcf
2015.04.10 08:54 B C:\EnloeSite-2015-04-10\EnloeSite\images\Project\15.jpg --> schools.wcpss.net /htdocs/EnloeSite/images/Project 15.jpg
2015.04.10 08:54 B C:\EnloeSite-2015-04-10\EnloeSite\images\Project\15.xcf --> schools.wcpss.net /htdocs/EnloeSite/images/Project 15.xcf
2015.04.10 08:54 B C:\EnloeSite-2015-04-10\EnloeSite\images\Project\16.gif --> schools.wcpss.net /htdocs/EnloeSite/images/Project 16.gif
2015.04.10 08:54 B C:\EnloeSite-2015-04-10\EnloeSite\images\Project\16.xcf --> schools.wcpss.net /htdocs/EnloeSite/images/Project 16.xcf
2015.04.10 08:54 B C:\EnloeSite-2015-04-10\EnloeSite\images\Project\17.jpg --> schools.wcpss.net /htdocs/EnloeSite/images/Project 17.jpg
2015.04.10 08:54 B C:\EnloeSite-2015-04-10\EnloeSite\images\Project\17.xcf --> schools.wcpss.net /htdocs/EnloeSite/images/Project 17.xcf
2015.04.10 08:54 B C:\EnloeSite-2015-04-10\EnloeSite\images\Project\18.jpg --> schools.wcpss.net /htdocs/EnloeSite/images/Project 18.jpg
2015.04.10 08:54 B C:\EnloeSite-2015-04-10\EnloeSite\images\Project\18.xcf --> schools.wcpss.net /htdocs/EnloeSite/images/Project 18.xcf
2015.04.10 08:54 B C:\EnloeSite-2015-04-10\EnloeSite\images\Project\19.jpg --> schools.wcpss.net /htdocs/EnloeSite/images/Project 19.jpg
2015.04.10 08:54 B C:\EnloeSite-2015-04-10\EnloeSite\images\Project\19.xcf --> schools.wcpss.net /htdocs/EnloeSite/images/Project 19.xcf
2015.04.10 08:54 B C:\EnloeSite-2015-04-10\EnloeSite\images\Project\2.jpg --> schools.wcpss.net /htdocs/EnloeSite/images/Project 2.jpg
2015.04.10 08:54 B C:\EnloeSite-2015-04-10\EnloeSite\images\Project\2.xcf --> schools.wcpss.net /htdocs/EnloeSite/images/Project 2.xcf
2015.04.10 08:54 B C:\EnloeSite-2015-04-10\EnloeSite\images\Project\20.jpg --> schools.wcpss.net /htdocs/EnloeSite/images/Project 20.jpg
2015.04.10 08:54 B C:\EnloeSite-2015-04-10\EnloeSite\images\Project\20.xcf --> schools.wcpss.net /htdocs/EnloeSite/images/Project 20.xcf
2015.04.10 08:54 B C:\EnloeSite-2015-04-10\EnloeSite\images\Project\21.jpg --> schools.wcpss.net /htdocs/EnloeSite/images/Project 21.jpg
2015.04.10 08:54 B C:\EnloeSite-2015-04-10\EnloeSite\images\Project\21.xcf --> schools.wcpss.net /htdocs/EnloeSite/images/Project 21.xcf
2015.04.10 08:54 B C:\EnloeSite-2015-04-10\EnloeSite\images\Project\3.jpg --> schools.wcpss.net /htdocs/EnloeSite/images/Project 3.jpg
2015.04.10 08:54 B C:\EnloeSite-2015-04-10\EnloeSite\images\Project\3.xcf --> schools.wcpss.net /htdocs/EnloeSite/images/Project 3.xcf
2015.04.10 08:54 B C:\EnloeSite-2015-04-10\EnloeSite\images\Project\4.jpg --> schools.wcpss.net /htdocs/EnloeSite/images/Project 4.jpg
2015.04.10 08:54 B C:\EnloeSite-2015-04-10\EnloeSite\images\Project\4.xcf --> schools.wcpss.net /htdocs/EnloeSite/images/Project 4.xcf
2015.04.10 08:54 B C:\EnloeSite-2015-04-10\EnloeSite\images\Project\5.jpg --> schools.wcpss.net /htdocs/EnloeSite/images/Project 5.jpg
2015.04.10 08:54 B C:\EnloeSite-2015-04-10\EnloeSite\images\Project\5.xcf --> schools.wcpss.net /htdocs/EnloeSite/images/Project 5.xcf
2015.04.10 08:54 B C:\EnloeSite-2015-04-10\EnloeSite\images\Project\6.jpg --> schools.wcpss.net /htdocs/EnloeSite/images/Project 6.jpg
2015.04.10 08:54 B C:\EnloeSite-2015-04-10\EnloeSite\images\Project\6.xcf --> schools.wcpss.net /htdocs/EnloeSite/images/Project 6.xcf
2015.04.10 08:54 B C:\EnloeSite-2015-04-10\EnloeSite\images\Project\7.jpg --> schools.wcpss.net /htdocs/EnloeSite/images/Project 7.jpg
2015.04.10 08:54 B C:\EnloeSite-2015-04-10\EnloeSite\images\Project\7.xcf --> schools.wcpss.net /htdocs/EnloeSite/images/Project 7.xcf
2015.04.10 08:54 B C:\EnloeSite-2015-04-10\EnloeSite\images\Project\8.jpg --> schools.wcpss.net /htdocs/EnloeSite/images/Project 8.jpg
2015.04.10 08:54 B C:\EnloeSite-2015-04-10\EnloeSite\images\Project\8.xcf --> schools.wcpss.net /htdocs/EnloeSite/images/Project 8.xcf
2015.04.10 08:54 B C:\EnloeSite-2015-04-10\EnloeSite\images\Project\9.jpg --> schools.wcpss.net /htdocs/EnloeSite/images/Project 9.jpg
2015.04.10 08:54 B C:\EnloeSite-2015-04-10\EnloeSite\images\Project\9.xcf --> schools.wcpss.net /htdocs/EnloeSite/images/Project 9.xcf
2015.04.10 08:54 B C:\EnloeSite-2015-04-10\EnloeSite\images\Project\text.xcf --> schools.wcpss.net /htdocs/EnloeSite/images/Project text.xcf
2015.04.10 08:54 B C:\EnloeSite-2015-04-10\EnloeSite\images\Project\Thumbs.db --> schools.wcpss.net /htdocs/EnloeSite/images/Project Thumbs.db
