2015.04.09 15:01 B C:\htdoc\forms\!finfo.txt <-- Enloehs /htdocs/forms !finfo.txt
2015.04.09 15:01 B C:\htdoc\forms\1710.doc <-- Enloehs /htdocs/forms 1710.doc
2015.04.09 15:01 B C:\htdoc\forms\1710.pdf <-- Enloehs /htdocs/forms 1710.pdf
2015.04.09 15:01 B C:\htdoc\forms\2010-2011_Parking_application-with_ID_info.pdf <-- Enloehs /htdocs/forms 2010-2011_Parking_application-with_ID_info.pdf
2015.04.09 15:01 B C:\htdoc\forms\aasat.pdf <-- Enloehs /htdocs/forms aasat.pdf
2015.04.09 15:01 B C:\htdoc\forms\action.pdf <-- Enloehs /htdocs/forms action.pdf
2015.04.09 15:01 B C:\htdoc\forms\aef.pdf <-- Enloehs /htdocs/forms aef.pdf
2015.04.09 15:01 B C:\htdoc\forms\apparelform.pdf <-- Enloehs /htdocs/forms apparelform.pdf
2015.04.09 15:01 B C:\htdoc\forms\application.pdf <-- Enloehs /htdocs/forms application.pdf
2015.04.09 15:01 B C:\htdoc\forms\application.php <-- Enloehs /htdocs/forms application.php
2015.04.09 15:01 B C:\htdoc\forms\athleticboosterorder.docx <-- Enloehs /htdocs/forms athleticboosterorder.docx
2015.04.09 15:01 B C:\htdoc\forms\athleticboosterorder.pdf <-- Enloehs /htdocs/forms athleticboosterorder.pdf
2015.04.09 15:01 B C:\htdoc\forms\athleticparticipationform.pdf <-- Enloehs /htdocs/forms athleticparticipationform.pdf
2015.04.09 15:01 B C:\htdoc\forms\cas0708.pdf <-- Enloehs /htdocs/forms cas0708.pdf
2015.04.09 15:01 B C:\htdoc\forms\cas0809.pdf <-- Enloehs /htdocs/forms cas0809.pdf
2015.04.09 15:01 B C:\htdoc\forms\cas_aef.pdf <-- Enloehs /htdocs/forms cas_aef.pdf
2015.04.09 15:01 B C:\htdoc\forms\cas_sfs.pdf <-- Enloehs /htdocs/forms cas_sfs.pdf
2015.04.09 15:01 B C:\htdoc\forms\caslog.pdf <-- Enloehs /htdocs/forms caslog.pdf
2015.04.09 15:01 B C:\htdoc\forms\communityss.pdf <-- Enloehs /htdocs/forms communityss.pdf
2015.04.09 15:01 B C:\htdoc\forms\consent.pdf <-- Enloehs /htdocs/forms consent.pdf
2015.04.09 15:01 B C:\htdoc\forms\creativeexperience.pdf <-- Enloehs /htdocs/forms creativeexperience.pdf
2015.04.09 15:01 B C:\htdoc\forms\decofintent.pdf <-- Enloehs /htdocs/forms decofintent.pdf
2015.04.09 15:01 B C:\htdoc\forms\depositform.pdf <-- Enloehs /htdocs/forms depositform.pdf
2015.04.09 15:01 B C:\htdoc\forms\DriversEdForm.pdf <-- Enloehs /htdocs/forms DriversEdForm.pdf
2015.04.09 15:01 B C:\htdoc\forms\dual_enroll_form.pdf <-- Enloehs /htdocs/forms dual_enroll_form.pdf
2015.04.09 15:01 B C:\htdoc\forms\dual_enroll_form_2012.pdf <-- Enloehs /htdocs/forms dual_enroll_form_2012.pdf
2015.04.09 15:01 B C:\htdoc\forms\early_graduation.pdf <-- Enloehs /htdocs/forms early_graduation.pdf
2015.04.09 15:01 B C:\htdoc\forms\ehsFormsList.xls <-- Enloehs /htdocs/forms ehsFormsList.xls
2015.04.09 15:01 B C:\htdoc\forms\Enloe High School Request for Early Graduation.doc <-- Enloehs /htdocs/forms Enloe High School Request for Early Graduation.doc
2015.04.09 15:02 B C:\htdoc\forms\Final Trancript Request form for 2010 seniors only.pdf <-- Enloehs /htdocs/forms Final Trancript Request form for 2010 seniors only.pdf
2015.04.09 15:02 B C:\htdoc\forms\Form Database.mdb <-- Enloehs /htdocs/forms Form Database.mdb
2015.04.09 15:02 B C:\htdoc\forms\forms.db.txt <-- Enloehs /htdocs/forms forms.db.txt
2015.04.09 15:02 B C:\htdoc\forms\grantapp10.pdf <-- Enloehs /htdocs/forms grantapp10.pdf
2015.04.09 15:02 B C:\htdoc\forms\index.php <-- Enloehs /htdocs/forms index.php
2015.04.09 15:02 B C:\htdoc\forms\membership.pdf <-- Enloehs /htdocs/forms membership.pdf
2015.04.09 15:02 B C:\htdoc\forms\membershipapp.pdf <-- Enloehs /htdocs/forms membershipapp.pdf
2015.04.09 15:02 B C:\htdoc\forms\membershipapp07-08.pdf <-- Enloehs /htdocs/forms membershipapp07-08.pdf
2015.04.09 15:02 B C:\htdoc\forms\membershipapp08-09.pdf <-- Enloehs /htdocs/forms membershipapp08-09.pdf
2015.04.09 15:02 B C:\htdoc\forms\nhsapplication.pdf <-- Enloehs /htdocs/forms nhsapplication.pdf
2015.04.09 15:02 B C:\htdoc\forms\off_campus_lunch_request_form.pdf <-- Enloehs /htdocs/forms off_campus_lunch_request_form.pdf
2015.04.09 15:02 B C:\htdoc\forms\opt_out.pdf <-- Enloehs /htdocs/forms opt_out.pdf
2015.04.09 15:02 B C:\htdoc\forms\paper_rubric.pdf <-- Enloehs /htdocs/forms paper_rubric.pdf
2015.04.09 15:02 B C:\htdoc\forms\parking_application.pdf <-- Enloehs /htdocs/forms parking_application.pdf
2015.04.09 15:02 B C:\htdoc\forms\portfolio.pdf <-- Enloehs /htdocs/forms portfolio.pdf
2015.04.09 15:02 B C:\htdoc\forms\prediploma.pdf <-- Enloehs /htdocs/forms prediploma.pdf
2015.04.09 15:02 B C:\htdoc\forms\presentation.pdf <-- Enloehs /htdocs/forms presentation.pdf
2015.04.09 15:02 B C:\htdoc\forms\product_rubric.pdf <-- Enloehs /htdocs/forms product_rubric.pdf
2015.04.09 15:02 B C:\htdoc\forms\ptsamembership.pdf <-- Enloehs /htdocs/forms ptsamembership.pdf
2015.04.09 15:02 B C:\htdoc\forms\reimbursemenform.pdf <-- Enloehs /htdocs/forms reimbursemenform.pdf
2015.04.09 15:02 B C:\htdoc\forms\reimbursement.pdf <-- Enloehs /htdocs/forms reimbursement.pdf
2015.04.09 15:02 B C:\htdoc\forms\reimbursementform.pdf <-- Enloehs /htdocs/forms reimbursementform.pdf
2015.04.09 15:02 B C:\htdoc\forms\release_form.pdf <-- Enloehs /htdocs/forms release_form.pdf
2015.04.09 15:02 B C:\htdoc\forms\selfeval.pdf <-- Enloehs /htdocs/forms selfeval.pdf
2015.04.09 15:02 B C:\htdoc\forms\senior_ad_order_form_2008.pdf <-- Enloehs /htdocs/forms senior_ad_order_form_2008.pdf
2015.04.09 15:02 B C:\htdoc\forms\service.pdf <-- Enloehs /htdocs/forms service.pdf
2015.04.09 15:02 B C:\htdoc\forms\spanparentapp.pdf <-- Enloehs /htdocs/forms spanparentapp.pdf
2015.04.09 15:02 B C:\htdoc\forms\Staff Development Funds Request.rtf <-- Enloehs /htdocs/forms Staff Development Funds Request.rtf
2015.04.09 15:02 B C:\htdoc\forms\transcript.pdf <-- Enloehs /htdocs/forms transcript.pdf
2015.04.09 15:02 B C:\htdoc\forms\trq_2010_senior.pdf <-- Enloehs /htdocs/forms trq_2010_senior.pdf
2015.04.09 15:02 B C:\htdoc\forms\volunteerform.pdf <-- Enloehs /htdocs/forms volunteerform.pdf
2015.04.09 15:02 B C:\htdoc\forms\volunteerform07-08.pdf <-- Enloehs /htdocs/forms volunteerform07-08.pdf
2015.04.09 15:02 B C:\htdoc\forms\volunteerform08-09.pdf <-- Enloehs /htdocs/forms volunteerform08-09.pdf
2015.04.09 15:02 B C:\htdoc\forms\volunteering.pdf <-- Enloehs /htdocs/forms volunteering.pdf
